<?xml version="1.0" encoding="UTF-8"?>
<testsuite name="TicTacToeTest" tests="1" skipped="0" failures="0" errors="0" timestamp="2020-12-06T13:41:42" hostname="WIN-NL5BT0665TJ" time="1.712">
  <properties/>
  <testcase name="start" classname="TicTacToeTest" time="1.712"/>
  <system-out><![CDATA[?[1;31m
Start test 1?[0m
Input command: > start user easy
---------
|       |
|       |
|       |
---------
Enter coordinates: > 1 1
---------
|       |
|       |
| X     |
---------
Making move level "easy"
---------
|     O |
|       |
| X     |
---------
Enter coordinates: > 1 2
---------
|     O |
| X     |
| X     |
---------
Making move level "easy"
---------
|     O |
| X   O |
| X     |
---------
Enter coordinates: > 1 3
---------
| X   O |
| X   O |
| X     |
---------
X wins

Input command: > 2 1
Bad parameters!
Input command: > 2 2
Bad parameters!
Input command: > 2 3
Bad parameters!
Input command: > 3 1
Bad parameters!
Input command: > 3 2
Bad parameters!
Input command: > 3 3
Bad parameters!
Input command: > 1 1
Bad parameters!
Input command: > 1 2
Bad parameters!
Input command: > 1 3
Bad parameters!
Input command: > 2 1
Bad parameters!
Input command: > 2 2
Bad parameters!
Input command: > 2 3
Bad parameters!
Input command: > 3 1
Bad parameters!
Input command: > 3 2
Bad parameters!
Input command: > 3 3
Bad parameters!
Input command: > 1 1
Bad parameters!
Input command: > 1 2
Bad parameters!
Input command: > 1 3
Bad parameters!
Input command: > 2 1
Bad parameters!
Input command: > 2 2
Bad parameters!
Input command: > 2 3
Bad parameters!
Input command: > 3 1
Bad parameters!
Input command: > 3 2
Bad parameters!
Input command: > 3 3
Bad parameters!
Input command: > 1 1
Bad parameters!
Input command: > 1 2
Bad parameters!
Input command: > 1 3
Bad parameters!
Input command: > 2 1
Bad parameters!
Input command: > 2 2
Bad parameters!
Input command: > 2 3
Bad parameters!
Input command: > 3 1
Bad parameters!
Input command: > 3 2
Bad parameters!
Input command: > 3 3
Bad parameters!
Input command: > 1 1
Bad parameters!
Input command: > 1 2
Bad parameters!
Input command: > 1 3
Bad parameters!
Input command: > 2 1
Bad parameters!
Input command: > 2 2
Bad parameters!
Input command: > 2 3
Bad parameters!
Input command: > 3 1
Bad parameters!
Input command: > 3 2
Bad parameters!
Input command: > 3 3
Bad parameters!
Input command: > 1 1
Bad parameters!
Input command: > 1 2
Bad parameters!
Input command: > 1 3
Bad parameters!
Input command: > 2 1
Bad parameters!
Input command: > 2 2
Bad parameters!
Input command: > 2 3
Bad parameters!
Input command: > 3 1
Bad parameters!
Input command: > 3 2
Bad parameters!
Input command: > 3 3
Bad parameters!
Input command: > 1 1
Bad parameters!
Input command: > 1 2
Bad parameters!
Input command: > 1 3
Bad parameters!
Input command: > 2 1
Bad parameters!
Input command: > 2 2
Bad parameters!
Input command: > 2 3
Bad parameters!
Input command: > 3 1
Bad parameters!
Input command: > 3 2
Bad parameters!
Input command: > 3 3
Bad parameters!
Input command: > 1 1
Bad parameters!
Input command: > 1 2
Bad parameters!
Input command: > 1 3
Bad parameters!
Input command: > 2 1
Bad parameters!
Input command: > 2 2
Bad parameters!
Input command: > 2 3
Bad parameters!
Input command: > 3 1
Bad parameters!
Input command: > 3 2
Bad parameters!
Input command: > 3 3
Bad parameters!
Input command: > 1 1
Bad parameters!
Input command: > 1 2
Bad parameters!
Input command: > 1 3
Bad parameters!
Input command: > 2 1
Bad parameters!
Input command: > 2 2
Bad parameters!
Input command: > 2 3
Bad parameters!
Input command: > 3 1
Bad parameters!
Input command: > 3 2
Bad parameters!
Input command: > 3 3
Bad parameters!
Input command: > exit
?[1;31m
Start test 2?[0m
Input command: > start easy user
---------
|       |
|       |
|       |
---------
Making move level "easy"
---------
|     X |
|       |
|       |
---------
Enter coordinates: > 4 1
Coordinates should be from 1 to 3!
---------
|     X |
|       |
|       |
---------
Enter coordinates: > 1 2
---------
|     X |
| O     |
|       |
---------
Making move level "easy"
---------
| X   X |
| O     |
|       |
---------
Enter coordinates: > 1 3
This cell is occupied! Choose another one!
---------
| X   X |
| O     |
|       |
---------
Enter coordinates: > 2 1
---------
| X   X |
| O     |
|   O   |
---------
Making move level "easy"
---------
| X   X |
| O     |
|   O X |
---------
Enter coordinates: > 2 2
---------
| X   X |
| O O   |
|   O X |
---------
Making move level "easy"
---------
| X   X |
| O O X |
|   O X |
---------
X wins

Input command: > 2 3
Bad parameters!
Input command: > 3 1
Bad parameters!
Input command: > 3 2
Bad parameters!
Input command: > 3 3
Bad parameters!
Input command: > 1 1
Bad parameters!
Input command: > 4 1
Bad parameters!
Input command: > 1 2
Bad parameters!
Input command: > 1 3
Bad parameters!
Input command: > 2 1
Bad parameters!
Input command: > 2 2
Bad parameters!
Input command: > 2 3
Bad parameters!
Input command: > 3 1
Bad parameters!
Input command: > 3 2
Bad parameters!
Input command: > 3 3
Bad parameters!
Input command: > 1 1
Bad parameters!
Input command: > 4 1
Bad parameters!
Input command: > 1 2
Bad parameters!
Input command: > 1 3
Bad parameters!
Input command: > 2 1
Bad parameters!
Input command: > 2 2
Bad parameters!
Input command: > 2 3
Bad parameters!
Input command: > 3 1
Bad parameters!
Input command: > 3 2
Bad parameters!
Input command: > 3 3
Bad parameters!
Input command: > 1 1
Bad parameters!
Input command: > 4 1
Bad parameters!
Input command: > 1 2
Bad parameters!
Input command: > 1 3
Bad parameters!
Input command: > 2 1
Bad parameters!
Input command: > 2 2
Bad parameters!
Input command: > 2 3
Bad parameters!
Input command: > 3 1
Bad parameters!
Input command: > 3 2
Bad parameters!
Input command: > 3 3
Bad parameters!
Input command: > 1 1
Bad parameters!
Input command: > 4 1
Bad parameters!
Input command: > 1 2
Bad parameters!
Input command: > 1 3
Bad parameters!
Input command: > 2 1
Bad parameters!
Input command: > 2 2
Bad parameters!
Input command: > 2 3
Bad parameters!
Input command: > 3 1
Bad parameters!
Input command: > 3 2
Bad parameters!
Input command: > 3 3
Bad parameters!
Input command: > 1 1
Bad parameters!
Input command: > 4 1
Bad parameters!
Input command: > 1 2
Bad parameters!
Input command: > 1 3
Bad parameters!
Input command: > 2 1
Bad parameters!
Input command: > 2 2
Bad parameters!
Input command: > 2 3
Bad parameters!
Input command: > 3 1
Bad parameters!
Input command: > 3 2
Bad parameters!
Input command: > 3 3
Bad parameters!
Input command: > 1 1
Bad parameters!
Input command: > 4 1
Bad parameters!
Input command: > 1 2
Bad parameters!
Input command: > 1 3
Bad parameters!
Input command: > 2 1
Bad parameters!
Input command: > 2 2
Bad parameters!
Input command: > 2 3
Bad parameters!
Input command: > 3 1
Bad parameters!
Input command: > 3 2
Bad parameters!
Input command: > 3 3
Bad parameters!
Input command: > 1 1
Bad parameters!
Input command: > 4 1
Bad parameters!
Input command: > 1 2
Bad parameters!
Input command: > 1 3
Bad parameters!
Input command: > 2 1
Bad parameters!
Input command: > 2 2
Bad parameters!
Input command: > 2 3
Bad parameters!
Input command: > 3 1
Bad parameters!
Input command: > 3 2
Bad parameters!
Input command: > 3 3
Bad parameters!
Input command: > 1 1
Bad parameters!
Input command: > 4 1
Bad parameters!
Input command: > 1 2
Bad parameters!
Input command: > 1 3
Bad parameters!
Input command: > 2 1
Bad parameters!
Input command: > 2 2
Bad parameters!
Input command: > 2 3
Bad parameters!
Input command: > 3 1
Bad parameters!
Input command: > 3 2
Bad parameters!
Input command: > 3 3
Bad parameters!
Input command: > 1 1
Bad parameters!
Input command: > exit
?[1;31m
Start test 3?[0m
Input command: > start user medium
---------
|       |
|       |
|       |
---------
Enter coordinates: > 1 3
---------
| X     |
|       |
|       |
---------
Making move level "medium"
---------
| X   O |
|       |
|       |
---------
Enter coordinates: > 2 1
---------
| X   O |
|       |
|   X   |
---------
Making move level "medium"
---------
| X   O |
|       |
| O X   |
---------
Enter coordinates: > 2 2
---------
| X   O |
|   X   |
| O X   |
---------
Making move level "medium"
---------
| X O O |
|   X   |
| O X   |
---------
Enter coordinates: > 2 3
This cell is occupied! Choose another one!
---------
| X O O |
|   X   |
| O X   |
---------
Enter coordinates: > 3 1
---------
| X O O |
|   X   |
| O X X |
---------
X wins

Input command: > 3 2
Bad parameters!
Input command: > 3 3
Bad parameters!
Input command: > 1 1
Bad parameters!
Input command: > 1 2
Bad parameters!
Input command: > 1 3
Bad parameters!
Input command: > 2 1
Bad parameters!
Input command: > 2 2
Bad parameters!
Input command: > 2 3
Bad parameters!
Input command: > 3 1
Bad parameters!
Input command: > 3 2
Bad parameters!
Input command: > 3 3
Bad parameters!
Input command: > 1 1
Bad parameters!
Input command: > 1 2
Bad parameters!
Input command: > 1 3
Bad parameters!
Input command: > 2 1
Bad parameters!
Input command: > 2 2
Bad parameters!
Input command: > 2 3
Bad parameters!
Input command: > 3 1
Bad parameters!
Input command: > 3 2
Bad parameters!
Input command: > 3 3
Bad parameters!
Input command: > 1 1
Bad parameters!
Input command: > 1 2
Bad parameters!
Input command: > 1 3
Bad parameters!
Input command: > 2 1
Bad parameters!
Input command: > 2 2
Bad parameters!
Input command: > 2 3
Bad parameters!
Input command: > 3 1
Bad parameters!
Input command: > 3 2
Bad parameters!
Input command: > 3 3
Bad parameters!
Input command: > 1 1
Bad parameters!
Input command: > 1 2
Bad parameters!
Input command: > 1 3
Bad parameters!
Input command: > 2 1
Bad parameters!
Input command: > 2 2
Bad parameters!
Input command: > 2 3
Bad parameters!
Input command: > 3 1
Bad parameters!
Input command: > 3 2
Bad parameters!
Input command: > 3 3
Bad parameters!
Input command: > 1 1
Bad parameters!
Input command: > 1 2
Bad parameters!
Input command: > 1 3
Bad parameters!
Input command: > 2 1
Bad parameters!
Input command: > 2 2
Bad parameters!
Input command: > 2 3
Bad parameters!
Input command: > 3 1
Bad parameters!
Input command: > 3 2
Bad parameters!
Input command: > 3 3
Bad parameters!
Input command: > 1 1
Bad parameters!
Input command: > 1 2
Bad parameters!
Input command: > 1 3
Bad parameters!
Input command: > 2 1
Bad parameters!
Input command: > 2 2
Bad parameters!
Input command: > 2 3
Bad parameters!
Input command: > 3 1
Bad parameters!
Input command: > 3 2
Bad parameters!
Input command: > 3 3
Bad parameters!
Input command: > 1 1
Bad parameters!
Input command: > 1 2
Bad parameters!
Input command: > 1 3
Bad parameters!
Input command: > 2 1
Bad parameters!
Input command: > 2 2
Bad parameters!
Input command: > 2 3
Bad parameters!
Input command: > 3 1
Bad parameters!
Input command: > 3 2
Bad parameters!
Input command: > 3 3
Bad parameters!
Input command: > 1 1
Bad parameters!
Input command: > 1 2
Bad parameters!
Input command: > 1 3
Bad parameters!
Input command: > 2 1
Bad parameters!
Input command: > 2 2
Bad parameters!
Input command: > 2 3
Bad parameters!
Input command: > 3 1
Bad parameters!
Input command: > 3 2
Bad parameters!
Input command: > 3 3
Bad parameters!
Input command: > 1 1
Bad parameters!
Input command: > 1 2
Bad parameters!
Input command: > exit
?[1;31m
Start test 4?[0m
Input command: > start medium user
---------
|       |
|       |
|       |
---------
Making move level "medium"
---------
|       |
|       |
| X     |
---------
Enter coordinates: > 4 3
Coordinates should be from 1 to 3!
---------
|       |
|       |
| X     |
---------
Enter coordinates: > 2 1
---------
|       |
|       |
| X O   |
---------
Making move level "medium"
---------
|       |
| X     |
| X O   |
---------
Enter coordinates: > 2 2
---------
|       |
| X O   |
| X O   |
---------
Making move level "medium"
---------
| X     |
| X O   |
| X O   |
---------
X wins

Input command: > 2 3
Bad parameters!
Input command: > 3 1
Bad parameters!
Input command: > 3 2
Bad parameters!
Input command: > 3 3
Bad parameters!
Input command: > 1 1
Bad parameters!
Input command: > 1 2
Bad parameters!
Input command: > 1 3
Bad parameters!
Input command: > 4 3
Bad parameters!
Input command: > 2 1
Bad parameters!
Input command: > 2 2
Bad parameters!
Input command: > 2 3
Bad parameters!
Input command: > 3 1
Bad parameters!
Input command: > 3 2
Bad parameters!
Input command: > 3 3
Bad parameters!
Input command: > 1 1
Bad parameters!
Input command: > 1 2
Bad parameters!
Input command: > 1 3
Bad parameters!
Input command: > 4 3
Bad parameters!
Input command: > 2 1
Bad parameters!
Input command: > 2 2
Bad parameters!
Input command: > 2 3
Bad parameters!
Input command: > 3 1
Bad parameters!
Input command: > 3 2
Bad parameters!
Input command: > 3 3
Bad parameters!
Input command: > 1 1
Bad parameters!
Input command: > 1 2
Bad parameters!
Input command: > 1 3
Bad parameters!
Input command: > 4 3
Bad parameters!
Input command: > 2 1
Bad parameters!
Input command: > 2 2
Bad parameters!
Input command: > 2 3
Bad parameters!
Input command: > 3 1
Bad parameters!
Input command: > 3 2
Bad parameters!
Input command: > 3 3
Bad parameters!
Input command: > 1 1
Bad parameters!
Input command: > 1 2
Bad parameters!
Input command: > 1 3
Bad parameters!
Input command: > 4 3
Bad parameters!
Input command: > 2 1
Bad parameters!
Input command: > 2 2
Bad parameters!
Input command: > 2 3
Bad parameters!
Input command: > 3 1
Bad parameters!
Input command: > 3 2
Bad parameters!
Input command: > 3 3
Bad parameters!
Input command: > 1 1
Bad parameters!
Input command: > 1 2
Bad parameters!
Input command: > 1 3
Bad parameters!
Input command: > 4 3
Bad parameters!
Input command: > 2 1
Bad parameters!
Input command: > 2 2
Bad parameters!
Input command: > 2 3
Bad parameters!
Input command: > 3 1
Bad parameters!
Input command: > 3 2
Bad parameters!
Input command: > 3 3
Bad parameters!
Input command: > 1 1
Bad parameters!
Input command: > 1 2
Bad parameters!
Input command: > 1 3
Bad parameters!
Input command: > 4 3
Bad parameters!
Input command: > 2 1
Bad parameters!
Input command: > 2 2
Bad parameters!
Input command: > 2 3
Bad parameters!
Input command: > 3 1
Bad parameters!
Input command: > 3 2
Bad parameters!
Input command: > 3 3
Bad parameters!
Input command: > 1 1
Bad parameters!
Input command: > 1 2
Bad parameters!
Input command: > 1 3
Bad parameters!
Input command: > 4 3
Bad parameters!
Input command: > 2 1
Bad parameters!
Input command: > 2 2
Bad parameters!
Input command: > 2 3
Bad parameters!
Input command: > 3 1
Bad parameters!
Input command: > 3 2
Bad parameters!
Input command: > 3 3
Bad parameters!
Input command: > 1 1
Bad parameters!
Input command: > 1 2
Bad parameters!
Input command: > 1 3
Bad parameters!
Input command: > 4 3
Bad parameters!
Input command: > 2 1
Bad parameters!
Input command: > 2 2
Bad parameters!
Input command: > 2 3
Bad parameters!
Input command: > 3 1
Bad parameters!
Input command: > 3 2
Bad parameters!
Input command: > 3 3
Bad parameters!
Input command: > 1 1
Bad parameters!
Input command: > 1 2
Bad parameters!
Input command: > 1 3
Bad parameters!
Input command: > exit
?[1;31m
Start test 5?[0m
Input command: > start user hard
---------
|       |
|       |
|       |
---------
Enter coordinates: > 2 2
---------
|       |
|   X   |
|       |
---------
Making move level "hard"
---------
| O     |
|   X   |
|       |
---------
Enter coordinates: > 2 3
---------
| O X   |
|   X   |
|       |
---------
Making move level "hard"
---------
| O X   |
|   X   |
|   O   |
---------
Enter coordinates: > 3 1
---------
| O X   |
|   X   |
|   O X |
---------
Making move level "hard"
---------
| O X   |
|   X O |
|   O X |
---------
Enter coordinates: > 3 2
This cell is occupied! Choose another one!
---------
| O X   |
|   X O |
|   O X |
---------
Enter coordinates: > 3 3
---------
| O X X |
|   X O |
|   O X |
---------
Making move level "hard"
---------
| O X X |
|   X O |
| O O X |
---------
Enter coordinates: > 1 1
This cell is occupied! Choose another one!
---------
| O X X |
|   X O |
| O O X |
---------
Enter coordinates: > 1 2
---------
| O X X |
| X X O |
| O O X |
---------
Draw

Input command: > 1 3
Bad parameters!
Input command: > 2 1
Bad parameters!
Input command: > 2 2
Bad parameters!
Input command: > 2 3
Bad parameters!
Input command: > 3 1
Bad parameters!
Input command: > 3 2
Bad parameters!
Input command: > 3 3
Bad parameters!
Input command: > 1 1
Bad parameters!
Input command: > 1 2
Bad parameters!
Input command: > 1 3
Bad parameters!
Input command: > 2 1
Bad parameters!
Input command: > 2 2
Bad parameters!
Input command: > 2 3
Bad parameters!
Input command: > 3 1
Bad parameters!
Input command: > 3 2
Bad parameters!
Input command: > 3 3
Bad parameters!
Input command: > 1 1
Bad parameters!
Input command: > 1 2
Bad parameters!
Input command: > 1 3
Bad parameters!
Input command: > 2 1
Bad parameters!
Input command: > 2 2
Bad parameters!
Input command: > 2 3
Bad parameters!
Input command: > 3 1
Bad parameters!
Input command: > 3 2
Bad parameters!
Input command: > 3 3
Bad parameters!
Input command: > 1 1
Bad parameters!
Input command: > 1 2
Bad parameters!
Input command: > 1 3
Bad parameters!
Input command: > 2 1
Bad parameters!
Input command: > 2 2
Bad parameters!
Input command: > 2 3
Bad parameters!
Input command: > 3 1
Bad parameters!
Input command: > 3 2
Bad parameters!
Input command: > 3 3
Bad parameters!
Input command: > 1 1
Bad parameters!
Input command: > 1 2
Bad parameters!
Input command: > 1 3
Bad parameters!
Input command: > 2 1
Bad parameters!
Input command: > 2 2
Bad parameters!
Input command: > 2 3
Bad parameters!
Input command: > 3 1
Bad parameters!
Input command: > 3 2
Bad parameters!
Input command: > 3 3
Bad parameters!
Input command: > 1 1
Bad parameters!
Input command: > 1 2
Bad parameters!
Input command: > 1 3
Bad parameters!
Input command: > 2 1
Bad parameters!
Input command: > 2 2
Bad parameters!
Input command: > 2 3
Bad parameters!
Input command: > 3 1
Bad parameters!
Input command: > 3 2
Bad parameters!
Input command: > 3 3
Bad parameters!
Input command: > 1 1
Bad parameters!
Input command: > 1 2
Bad parameters!
Input command: > 1 3
Bad parameters!
Input command: > 2 1
Bad parameters!
Input command: > 2 2
Bad parameters!
Input command: > 2 3
Bad parameters!
Input command: > 3 1
Bad parameters!
Input command: > 3 2
Bad parameters!
Input command: > 3 3
Bad parameters!
Input command: > 1 1
Bad parameters!
Input command: > 1 2
Bad parameters!
Input command: > 1 3
Bad parameters!
Input command: > 2 1
Bad parameters!
Input command: > 2 2
Bad parameters!
Input command: > 2 3
Bad parameters!
Input command: > 3 1
Bad parameters!
Input command: > 3 2
Bad parameters!
Input command: > 3 3
Bad parameters!
Input command: > 1 1
Bad parameters!
Input command: > 1 2
Bad parameters!
Input command: > 1 3
Bad parameters!
Input command: > 2 1
Bad parameters!
Input command: > exit
?[1;31m
Start test 6?[0m
Input command: > start hard user
---------
|       |
|       |
|       |
---------
Making move level "hard"
---------
|       |
|       |
|   X   |
---------
Enter coordinates: > 4 5
Coordinates should be from 1 to 3!
---------
|       |
|       |
|   X   |
---------
Enter coordinates: > 2 3
---------
|   O   |
|       |
|   X   |
---------
Making move level "hard"
---------
|   O   |
| X     |
|   X   |
---------
Enter coordinates: > 3 1
---------
|   O   |
| X     |
|   X O |
---------
Making move level "hard"
---------
|   O   |
| X   X |
|   X O |
---------
Enter coordinates: > 3 2
This cell is occupied! Choose another one!
---------
|   O   |
| X   X |
|   X O |
---------
Enter coordinates: > 3 3
---------
|   O O |
| X   X |
|   X O |
---------
Making move level "hard"
---------
|   O O |
| X X X |
|   X O |
---------
X wins

Input command: > 1 1
Bad parameters!
Input command: > 1 2
Bad parameters!
Input command: > 1 3
Bad parameters!
Input command: > 2 1
Bad parameters!
Input command: > 2 2
Bad parameters!
Input command: > 4 5
Bad parameters!
Input command: > 2 3
Bad parameters!
Input command: > 3 1
Bad parameters!
Input command: > 3 2
Bad parameters!
Input command: > 3 3
Bad parameters!
Input command: > 1 1
Bad parameters!
Input command: > 1 2
Bad parameters!
Input command: > 1 3
Bad parameters!
Input command: > 2 1
Bad parameters!
Input command: > 2 2
Bad parameters!
Input command: > 4 5
Bad parameters!
Input command: > 2 3
Bad parameters!
Input command: > 3 1
Bad parameters!
Input command: > 3 2
Bad parameters!
Input command: > 3 3
Bad parameters!
Input command: > 1 1
Bad parameters!
Input command: > 1 2
Bad parameters!
Input command: > 1 3
Bad parameters!
Input command: > 2 1
Bad parameters!
Input command: > 2 2
Bad parameters!
Input command: > 4 5
Bad parameters!
Input command: > 2 3
Bad parameters!
Input command: > 3 1
Bad parameters!
Input command: > 3 2
Bad parameters!
Input command: > 3 3
Bad parameters!
Input command: > 1 1
Bad parameters!
Input command: > 1 2
Bad parameters!
Input command: > 1 3
Bad parameters!
Input command: > 2 1
Bad parameters!
Input command: > 2 2
Bad parameters!
Input command: > 4 5
Bad parameters!
Input command: > 2 3
Bad parameters!
Input command: > 3 1
Bad parameters!
Input command: > 3 2
Bad parameters!
Input command: > 3 3
Bad parameters!
Input command: > 1 1
Bad parameters!
Input command: > 1 2
Bad parameters!
Input command: > 1 3
Bad parameters!
Input command: > 2 1
Bad parameters!
Input command: > 2 2
Bad parameters!
Input command: > 4 5
Bad parameters!
Input command: > 2 3
Bad parameters!
Input command: > 3 1
Bad parameters!
Input command: > 3 2
Bad parameters!
Input command: > 3 3
Bad parameters!
Input command: > 1 1
Bad parameters!
Input command: > 1 2
Bad parameters!
Input command: > 1 3
Bad parameters!
Input command: > 2 1
Bad parameters!
Input command: > 2 2
Bad parameters!
Input command: > 4 5
Bad parameters!
Input command: > 2 3
Bad parameters!
Input command: > 3 1
Bad parameters!
Input command: > 3 2
Bad parameters!
Input command: > 3 3
Bad parameters!
Input command: > 1 1
Bad parameters!
Input command: > 1 2
Bad parameters!
Input command: > 1 3
Bad parameters!
Input command: > 2 1
Bad parameters!
Input command: > 2 2
Bad parameters!
Input command: > 4 5
Bad parameters!
Input command: > 2 3
Bad parameters!
Input command: > 3 1
Bad parameters!
Input command: > 3 2
Bad parameters!
Input command: > 3 3
Bad parameters!
Input command: > 1 1
Bad parameters!
Input command: > 1 2
Bad parameters!
Input command: > 1 3
Bad parameters!
Input command: > 2 1
Bad parameters!
Input command: > 2 2
Bad parameters!
Input command: > 4 5
Bad parameters!
Input command: > 2 3
Bad parameters!
Input command: > 3 1
Bad parameters!
Input command: > 3 2
Bad parameters!
Input command: > 3 3
Bad parameters!
Input command: > 1 1
Bad parameters!
Input command: > 1 2
Bad parameters!
Input command: > 1 3
Bad parameters!
Input command: > 2 1
Bad parameters!
Input command: > 2 2
Bad parameters!
Input command: > exit
?[1;31m
Start test 7?[0m
Input command: > start user easy
---------
|       |
|       |
|       |
---------
Enter coordinates: > 3 1
---------
|       |
|       |
|     X |
---------
Making move level "easy"
---------
|       |
|   O   |
|     X |
---------
Enter coordinates: > 3 2
---------
|       |
|   O X |
|     X |
---------
Making move level "easy"
---------
|     O |
|   O X |
|     X |
---------
Enter coordinates: > 3 3
This cell is occupied! Choose another one!
---------
|     O |
|   O X |
|     X |
---------
Enter coordinates: > 1 1
---------
|     O |
|   O X |
| X   X |
---------
Making move level "easy"
---------
| O   O |
|   O X |
| X   X |
---------
Enter coordinates: > 1 2
---------
| O   O |
| X O X |
| X   X |
---------
Making move level "easy"
---------
| O   O |
| X O X |
| X O X |
---------
Enter coordinates: > 1 3
This cell is occupied! Choose another one!
---------
| O   O |
| X O X |
| X O X |
---------
Enter coordinates: > 2 1
This cell is occupied! Choose another one!
---------
| O   O |
| X O X |
| X O X |
---------
Enter coordinates: > 2 2
This cell is occupied! Choose another one!
---------
| O   O |
| X O X |
| X O X |
---------
Enter coordinates: > 2 3
---------
| O X O |
| X O X |
| X O X |
---------
Draw

Input command: > 3 1
Bad parameters!
Input command: > 3 2
Bad parameters!
Input command: > 3 3
Bad parameters!
Input command: > 1 1
Bad parameters!
Input command: > 1 2
Bad parameters!
Input command: > 1 3
Bad parameters!
Input command: > 2 1
Bad parameters!
Input command: > 2 2
Bad parameters!
Input command: > 2 3
Bad parameters!
Input command: > 3 1
Bad parameters!
Input command: > 3 2
Bad parameters!
Input command: > 3 3
Bad parameters!
Input command: > 1 1
Bad parameters!
Input command: > 1 2
Bad parameters!
Input command: > 1 3
Bad parameters!
Input command: > 2 1
Bad parameters!
Input command: > 2 2
Bad parameters!
Input command: > 2 3
Bad parameters!
Input command: > 3 1
Bad parameters!
Input command: > 3 2
Bad parameters!
Input command: > 3 3
Bad parameters!
Input command: > 1 1
Bad parameters!
Input command: > 1 2
Bad parameters!
Input command: > 1 3
Bad parameters!
Input command: > 2 1
Bad parameters!
Input command: > 2 2
Bad parameters!
Input command: > 2 3
Bad parameters!
Input command: > 3 1
Bad parameters!
Input command: > 3 2
Bad parameters!
Input command: > 3 3
Bad parameters!
Input command: > 1 1
Bad parameters!
Input command: > 1 2
Bad parameters!
Input command: > 1 3
Bad parameters!
Input command: > 2 1
Bad parameters!
Input command: > 2 2
Bad parameters!
Input command: > 2 3
Bad parameters!
Input command: > 3 1
Bad parameters!
Input command: > 3 2
Bad parameters!
Input command: > 3 3
Bad parameters!
Input command: > 1 1
Bad parameters!
Input command: > 1 2
Bad parameters!
Input command: > 1 3
Bad parameters!
Input command: > 2 1
Bad parameters!
Input command: > 2 2
Bad parameters!
Input command: > 2 3
Bad parameters!
Input command: > 3 1
Bad parameters!
Input command: > 3 2
Bad parameters!
Input command: > 3 3
Bad parameters!
Input command: > 1 1
Bad parameters!
Input command: > 1 2
Bad parameters!
Input command: > 1 3
Bad parameters!
Input command: > 2 1
Bad parameters!
Input command: > 2 2
Bad parameters!
Input command: > 2 3
Bad parameters!
Input command: > 3 1
Bad parameters!
Input command: > 3 2
Bad parameters!
Input command: > 3 3
Bad parameters!
Input command: > 1 1
Bad parameters!
Input command: > 1 2
Bad parameters!
Input command: > 1 3
Bad parameters!
Input command: > 2 1
Bad parameters!
Input command: > 2 2
Bad parameters!
Input command: > 2 3
Bad parameters!
Input command: > 3 1
Bad parameters!
Input command: > 3 2
Bad parameters!
Input command: > 3 3
Bad parameters!
Input command: > 1 1
Bad parameters!
Input command: > 1 2
Bad parameters!
Input command: > 1 3
Bad parameters!
Input command: > 2 1
Bad parameters!
Input command: > 2 2
Bad parameters!
Input command: > 2 3
Bad parameters!
Input command: > exit
?[1;31m
Start test 8?[0m
Input command: > start easy user
---------
|       |
|       |
|       |
---------
Making move level "easy"
---------
|     X |
|       |
|       |
---------
Enter coordinates: > 4 7
Coordinates should be from 1 to 3!
---------
|     X |
|       |
|       |
---------
Enter coordinates: > 3 2
---------
|     X |
|     O |
|       |
---------
Making move level "easy"
---------
|     X |
|   X O |
|       |
---------
Enter coordinates: > 3 3
This cell is occupied! Choose another one!
---------
|     X |
|   X O |
|       |
---------
Enter coordinates: > 1 1
---------
|     X |
|   X O |
| O     |
---------
Making move level "easy"
---------
|     X |
|   X O |
| O   X |
---------
Enter coordinates: > 1 2
---------
|     X |
| O X O |
| O   X |
---------
Making move level "easy"
---------
|   X X |
| O X O |
| O   X |
---------
Enter coordinates: > 1 3
---------
| O X X |
| O X O |
| O   X |
---------
O wins

Input command: > 2 1
Bad parameters!
Input command: > 2 2
Bad parameters!
Input command: > 2 3
Bad parameters!
Input command: > 3 1
Bad parameters!
Input command: > 4 7
Bad parameters!
Input command: > 3 2
Bad parameters!
Input command: > 3 3
Bad parameters!
Input command: > 1 1
Bad parameters!
Input command: > 1 2
Bad parameters!
Input command: > 1 3
Bad parameters!
Input command: > 2 1
Bad parameters!
Input command: > 2 2
Bad parameters!
Input command: > 2 3
Bad parameters!
Input command: > 3 1
Bad parameters!
Input command: > 4 7
Bad parameters!
Input command: > 3 2
Bad parameters!
Input command: > 3 3
Bad parameters!
Input command: > 1 1
Bad parameters!
Input command: > 1 2
Bad parameters!
Input command: > 1 3
Bad parameters!
Input command: > 2 1
Bad parameters!
Input command: > 2 2
Bad parameters!
Input command: > 2 3
Bad parameters!
Input command: > 3 1
Bad parameters!
Input command: > 4 7
Bad parameters!
Input command: > 3 2
Bad parameters!
Input command: > 3 3
Bad parameters!
Input command: > 1 1
Bad parameters!
Input command: > 1 2
Bad parameters!
Input command: > 1 3
Bad parameters!
Input command: > 2 1
Bad parameters!
Input command: > 2 2
Bad parameters!
Input command: > 2 3
Bad parameters!
Input command: > 3 1
Bad parameters!
Input command: > 4 7
Bad parameters!
Input command: > 3 2
Bad parameters!
Input command: > 3 3
Bad parameters!
Input command: > 1 1
Bad parameters!
Input command: > 1 2
Bad parameters!
Input command: > 1 3
Bad parameters!
Input command: > 2 1
Bad parameters!
Input command: > 2 2
Bad parameters!
Input command: > 2 3
Bad parameters!
Input command: > 3 1
Bad parameters!
Input command: > 4 7
Bad parameters!
Input command: > 3 2
Bad parameters!
Input command: > 3 3
Bad parameters!
Input command: > 1 1
Bad parameters!
Input command: > 1 2
Bad parameters!
Input command: > 1 3
Bad parameters!
Input command: > 2 1
Bad parameters!
Input command: > 2 2
Bad parameters!
Input command: > 2 3
Bad parameters!
Input command: > 3 1
Bad parameters!
Input command: > 4 7
Bad parameters!
Input command: > 3 2
Bad parameters!
Input command: > 3 3
Bad parameters!
Input command: > 1 1
Bad parameters!
Input command: > 1 2
Bad parameters!
Input command: > 1 3
Bad parameters!
Input command: > 2 1
Bad parameters!
Input command: > 2 2
Bad parameters!
Input command: > 2 3
Bad parameters!
Input command: > 3 1
Bad parameters!
Input command: > 4 7
Bad parameters!
Input command: > 3 2
Bad parameters!
Input command: > 3 3
Bad parameters!
Input command: > 1 1
Bad parameters!
Input command: > 1 2
Bad parameters!
Input command: > 1 3
Bad parameters!
Input command: > 2 1
Bad parameters!
Input command: > 2 2
Bad parameters!
Input command: > 2 3
Bad parameters!
Input command: > 3 1
Bad parameters!
Input command: > 4 7
Bad parameters!
Input command: > 3 2
Bad parameters!
Input command: > 3 3
Bad parameters!
Input command: > 1 1
Bad parameters!
Input command: > 1 2
Bad parameters!
Input command: > 1 3
Bad parameters!
Input command: > 2 1
Bad parameters!
Input command: > 2 2
Bad parameters!
Input command: > 2 3
Bad parameters!
Input command: > 3 1
Bad parameters!
Input command: > exit
?[1;31m
Start test 9?[0m
Input command: > start user medium
---------
|       |
|       |
|       |
---------
Enter coordinates: > 3 3
---------
|     X |
|       |
|       |
---------
Making move level "medium"
---------
|     X |
|       |
| O     |
---------
Enter coordinates: > 1 1
This cell is occupied! Choose another one!
---------
|     X |
|       |
| O     |
---------
Enter coordinates: > 1 2
---------
|     X |
| X     |
| O     |
---------
Making move level "medium"
---------
|     X |
| X O   |
| O     |
---------
Enter coordinates: > 1 3
---------
| X   X |
| X O   |
| O     |
---------
Making move level "medium"
---------
| X O X |
| X O   |
| O     |
---------
Enter coordinates: > 2 1
---------
| X O X |
| X O   |
| O X   |
---------
Making move level "medium"
---------
| X O X |
| X O O |
| O X   |
---------
Enter coordinates: > 2 2
This cell is occupied! Choose another one!
---------
| X O X |
| X O O |
| O X   |
---------
Enter coordinates: > 2 3
This cell is occupied! Choose another one!
---------
| X O X |
| X O O |
| O X   |
---------
Enter coordinates: > 3 1
---------
| X O X |
| X O O |
| O X X |
---------
Draw

Input command: > 3 2
Bad parameters!
Input command: > 3 3
Bad parameters!
Input command: > 1 1
Bad parameters!
Input command: > 1 2
Bad parameters!
Input command: > 1 3
Bad parameters!
Input command: > 2 1
Bad parameters!
Input command: > 2 2
Bad parameters!
Input command: > 2 3
Bad parameters!
Input command: > 3 1
Bad parameters!
Input command: > 3 2
Bad parameters!
Input command: > 3 3
Bad parameters!
Input command: > 1 1
Bad parameters!
Input command: > 1 2
Bad parameters!
Input command: > 1 3
Bad parameters!
Input command: > 2 1
Bad parameters!
Input command: > 2 2
Bad parameters!
Input command: > 2 3
Bad parameters!
Input command: > 3 1
Bad parameters!
Input command: > 3 2
Bad parameters!
Input command: > 3 3
Bad parameters!
Input command: > 1 1
Bad parameters!
Input command: > 1 2
Bad parameters!
Input command: > 1 3
Bad parameters!
Input command: > 2 1
Bad parameters!
Input command: > 2 2
Bad parameters!
Input command: > 2 3
Bad parameters!
Input command: > 3 1
Bad parameters!
Input command: > 3 2
Bad parameters!
Input command: > 3 3
Bad parameters!
Input command: > 1 1
Bad parameters!
Input command: > 1 2
Bad parameters!
Input command: > 1 3
Bad parameters!
Input command: > 2 1
Bad parameters!
Input command: > 2 2
Bad parameters!
Input command: > 2 3
Bad parameters!
Input command: > 3 1
Bad parameters!
Input command: > 3 2
Bad parameters!
Input command: > 3 3
Bad parameters!
Input command: > 1 1
Bad parameters!
Input command: > 1 2
Bad parameters!
Input command: > 1 3
Bad parameters!
Input command: > 2 1
Bad parameters!
Input command: > 2 2
Bad parameters!
Input command: > 2 3
Bad parameters!
Input command: > 3 1
Bad parameters!
Input command: > 3 2
Bad parameters!
Input command: > 3 3
Bad parameters!
Input command: > 1 1
Bad parameters!
Input command: > 1 2
Bad parameters!
Input command: > 1 3
Bad parameters!
Input command: > 2 1
Bad parameters!
Input command: > 2 2
Bad parameters!
Input command: > 2 3
Bad parameters!
Input command: > 3 1
Bad parameters!
Input command: > 3 2
Bad parameters!
Input command: > 3 3
Bad parameters!
Input command: > 1 1
Bad parameters!
Input command: > 1 2
Bad parameters!
Input command: > 1 3
Bad parameters!
Input command: > 2 1
Bad parameters!
Input command: > 2 2
Bad parameters!
Input command: > 2 3
Bad parameters!
Input command: > 3 1
Bad parameters!
Input command: > 3 2
Bad parameters!
Input command: > 3 3
Bad parameters!
Input command: > 1 1
Bad parameters!
Input command: > 1 2
Bad parameters!
Input command: > 1 3
Bad parameters!
Input command: > 2 1
Bad parameters!
Input command: > 2 2
Bad parameters!
Input command: > 2 3
Bad parameters!
Input command: > 3 1
Bad parameters!
Input command: > 3 2
Bad parameters!
Input command: > exit
?[1;31m
Start test 10?[0m
Input command: > start easy easy
---------
|       |
|       |
|       |
---------
Making move level "easy"
---------
|       |
|       |
|     X |
---------
Making move level "easy"
---------
|       |
|   O   |
|     X |
---------
Making move level "easy"
---------
|     X |
|   O   |
|     X |
---------
Making move level "easy"
---------
|     X |
|   O   |
|   O X |
---------
Making move level "easy"
---------
| X   X |
|   O   |
|   O X |
---------
Making move level "easy"
---------
| X O X |
|   O   |
|   O X |
---------
O wins

Input command: > exit
?[1;31m
Start test 11?[0m
Input command: > start medium medium
---------
|       |
|       |
|       |
---------
Making move level "medium"
---------
|   X   |
|       |
|       |
---------
Making move level "medium"
---------
|   X   |
|       |
| O     |
---------
Making move level "medium"
---------
|   X   |
|   X   |
| O     |
---------
Making move level "medium"
---------
|   X   |
|   X   |
| O O   |
---------
Making move level "medium"
---------
|   X   |
|   X   |
| O O X |
---------
Making move level "medium"
---------
| O X   |
|   X   |
| O O X |
---------
Making move level "medium"
---------
| O X   |
| X X   |
| O O X |
---------
Making move level "medium"
---------
| O X   |
| X X O |
| O O X |
---------
Making move level "medium"
---------
| O X X |
| X X O |
| O O X |
---------
Draw

Input command: > exit
?[1;31m
Start test 12?[0m
Input command: > start hard hard
---------
|       |
|       |
|       |
---------
Making move level "hard"
---------
|   X   |
|       |
|       |
---------
Making move level "hard"
---------
|   X   |
|       |
|   O   |
---------
Making move level "hard"
---------
| X X   |
|       |
|   O   |
---------
Making move level "hard"
---------
| X X O |
|       |
|   O   |
---------
Making move level "hard"
---------
| X X O |
| X     |
|   O   |
---------
Making move level "hard"
---------
| X X O |
| X     |
| O O   |
---------
Making move level "hard"
---------
| X X O |
| X X   |
| O O   |
---------
Making move level "hard"
---------
| X X O |
| X X   |
| O O O |
---------
O wins

Input command: > exit
?[1;31m
Start test 13?[0m
Input command: > start medium easy
---------
|       |
|       |
|       |
---------
Making move level "medium"
---------
| X     |
|       |
|       |
---------
Making move level "easy"
---------
| X     |
|       |
| O     |
---------
Making move level "medium"
---------
| X     |
|       |
| O X   |
---------
Making move level "easy"
---------
| X     |
| O     |
| O X   |
---------
Making move level "medium"
---------
| X     |
| O   X |
| O X   |
---------
Making move level "easy"
---------
| X     |
| O   X |
| O X O |
---------
Making move level "medium"
---------
| X     |
| O X X |
| O X O |
---------
Making move level "easy"
---------
| X   O |
| O X X |
| O X O |
---------
Making move level "medium"
---------
| X X O |
| O X X |
| O X O |
---------
X wins

Input command: > exit
?[1;31m
Start test 14?[0m
Input command: > start easy medium
---------
|       |
|       |
|       |
---------
Making move level "easy"
---------
|       |
|     X |
|       |
---------
Making move level "medium"
---------
|       |
| O   X |
|       |
---------
Making move level "easy"
---------
|     X |
| O   X |
|       |
---------
Making move level "medium"
---------
|     X |
| O   X |
|     O |
---------
Making move level "easy"
---------
|     X |
| O   X |
| X   O |
---------
Making move level "medium"
---------
|     X |
| O O X |
| X   O |
---------
Making move level "easy"
---------
|     X |
| O O X |
| X X O |
---------
Making move level "medium"
---------
| O   X |
| O O X |
| X X O |
---------
O wins

Input command: > exit
?[1;31m
Start test 15?[0m
Input command: > start medium hard
---------
|       |
|       |
|       |
---------
Making move level "medium"
---------
| X     |
|       |
|       |
---------
Making move level "hard"
---------
| X     |
|     O |
|       |
---------
Making move level "medium"
---------
| X     |
|   X O |
|       |
---------
Making move level "hard"
---------
| X     |
|   X O |
|     O |
---------
Making move level "medium"
---------
| X   X |
|   X O |
|     O |
---------
Making move level "hard"
---------
| X   X |
|   X O |
| O   O |
---------
Making move level "medium"
---------
| X X X |
|   X O |
| O   O |
---------
X wins

Input command: > exit
?[1;31m
Start test 16?[0m
Input command: > start hard medium
---------
|       |
|       |
|       |
---------
Making move level "hard"
---------
|       |
|   X   |
|       |
---------
Making move level "medium"
---------
|       |
|   X   |
|   O   |
---------
Making move level "hard"
---------
|       |
|   X X |
|   O   |
---------
Making move level "medium"
---------
|       |
| O X X |
|   O   |
---------
Making move level "hard"
---------
|       |
| O X X |
|   O X |
---------
Making move level "medium"
---------
| O     |
| O X X |
|   O X |
---------
Making move level "hard"
---------
| O   X |
| O X X |
|   O X |
---------
X wins

Input command: > exit
?[1;31m
Start test 17?[0m
Input command: > start easy hard
---------
|       |
|       |
|       |
---------
Making move level "easy"
---------
|       |
| X     |
|       |
---------
Making move level "hard"
---------
|       |
| X     |
| O     |
---------
Making move level "easy"
---------
|       |
| X X   |
| O     |
---------
Making move level "hard"
---------
|       |
| X X O |
| O     |
---------
Making move level "easy"
---------
| X     |
| X X O |
| O     |
---------
Making move level "hard"
---------
| X     |
| X X O |
| O   O |
---------
Making move level "easy"
---------
| X X   |
| X X O |
| O   O |
---------
Making move level "hard"
---------
| X X   |
| X X O |
| O O O |
---------
O wins

Input command: > exit
?[1;31m
Start test 18?[0m
Input command: > start hard easy
---------
|       |
|       |
|       |
---------
Making move level "hard"
---------
|       |
|     X |
|       |
---------
Making move level "easy"
---------
| O     |
|     X |
|       |
---------
Making move level "hard"
---------
| O     |
|     X |
| X     |
---------
Making move level "easy"
---------
| O     |
|     X |
| X   O |
---------
Making move level "hard"
---------
| O     |
|   X X |
| X   O |
---------
Making move level "easy"
---------
| O     |
|   X X |
| X O O |
---------
Making move level "hard"
---------
| O     |
| X X X |
| X O O |
---------
X wins

Input command: > exit
?[1;31m
Start test 19?[0m
Input command: > start user user
---------
|       |
|       |
|       |
---------
Enter coordinates: > 1 1
---------
|       |
|       |
| X     |
---------
Enter coordinates: > 2 2
---------
|       |
|   O   |
| X     |
---------
Enter coordinates: > 1 2
---------
|       |
| X O   |
| X     |
---------
Enter coordinates: > 2 1
---------
|       |
| X O   |
| X O   |
---------
Enter coordinates: > 1 3
---------
| X     |
| X O   |
| X O   |
---------
X wins

Input command: > exit
]]></system-out>
  <system-err><![CDATA[]]></system-err>
</testsuite>
